<?xml version="1.0" encoding="UTF-8"?>
<testsuite xmlns:xsi="http://www.w3.org/2001/XMLSchema-instance" xsi:noNamespaceSchemaLocation="https://maven.apache.org/surefire/maven-surefire-plugin/xsd/surefire-test-report.xsd" name="GoToAndFromPersonalAccountTest" time="41.141" tests="6" errors="0" skipped="0" failures="0">
  <properties>
[...]
</properties>
  <testcase name="goToStellarBurgersFromPersonalAccountTest[0]" classname="GoToAndFromPersonalAccountTest" time="11.343"/>
  <testcase name="goToConstructorFromPersonalAccountTest[0]" classname="GoToAndFromPersonalAccountTest" time="6.242"/>
  <testcase name="goToPersonalAccountTest[0]" classname="GoToAndFromPersonalAccountTest" time="5.491"/>
  <testcase name="goToStellarBurgersFromPersonalAccountTest[1]" classname="GoToAndFromPersonalAccountTest" time="6.382"/>
  <testcase name="goToConstructorFromPersonalAccountTest[1]" classname="GoToAndFromPersonalAccountTest" time="6.256"/>
  <testcase name="goToPersonalAccountTest[1]" classname="GoToAndFromPersonalAccountTest" time="5.411"/>
</testsuite>